<?xml version="1.0" encoding="UTF-8"?>
<!-- Generated by org.testng.reporters.JUnitXMLReporter -->
<testsuite hostname="Ronnie" ignored="0" name="Test" tests="3" failures="0" timestamp="2019-12-29T11:23:00 IST" time="174.524" errors="0">
  <testcase name="GmailLogin" time="59.441" classname="Generic_TestScripts.TS_Gmail_Login"/>
  <testcase name="GmailLogin" time="63.212" classname="Generic_TestScripts.TS_Gmail_Compose"/>
  <testcase name="Sent_Links" time="51.824" classname="Generic_TestScripts.TS_Gmail_Sent"/>
</testsuite> <!-- Test -->
